2016-06-17 14:48:04.038 [main] INFO  org.mdev.revolution.Revolution - Configuration successfully loaded 8 properties.
2016-06-17 14:48:04.996 [main] ERROR org.mdev.revolution.database.DatabaseManager - Error binding the JNDI DataSource to the Context
javax.naming.NoInitialContextException: Cannot instantiate class: com.sun.jndi.fscontext.RefFSContextFactory
	at javax.naming.spi.NamingManager.getInitialContext(NamingManager.java:674) ~[?:1.8.0_92]
	at javax.naming.InitialContext.getDefaultInitCtx(InitialContext.java:313) ~[?:1.8.0_92]
	at javax.naming.InitialContext.init(InitialContext.java:244) ~[?:1.8.0_92]
	at javax.naming.InitialContext.<init>(InitialContext.java:216) ~[?:1.8.0_92]
	at org.mdev.revolution.database.DatabaseManager.initialize(DatabaseManager.java:48) [main/:?]
	at org.mdev.revolution.Revolution.loadEverythingElse(Revolution.java:80) [main/:?]
	at org.mdev.revolution.Revolution.main(Revolution.java:136) [main/:?]
	at sun.reflect.NativeMethodAccessorImpl.invoke0(Native Method) ~[?:1.8.0_92]
	at sun.reflect.NativeMethodAccessorImpl.invoke(NativeMethodAccessorImpl.java:62) ~[?:1.8.0_92]
	at sun.reflect.DelegatingMethodAccessorImpl.invoke(DelegatingMethodAccessorImpl.java:43) ~[?:1.8.0_92]
	at java.lang.reflect.Method.invoke(Method.java:498) ~[?:1.8.0_92]
	at com.intellij.rt.execution.application.AppMain.main(AppMain.java:144) [idea_rt.jar:?]
Caused by: java.lang.ClassNotFoundException: com.sun.jndi.fscontext.RefFSContextFactory
	at java.net.URLClassLoader.findClass(URLClassLoader.java:381) ~[?:1.8.0_92]
	at java.lang.ClassLoader.loadClass(ClassLoader.java:424) ~[?:1.8.0_92]
	at sun.misc.Launcher$AppClassLoader.loadClass(Launcher.java:331) ~[?:1.8.0_92]
	at java.lang.ClassLoader.loadClass(ClassLoader.java:357) ~[?:1.8.0_92]
	at java.lang.Class.forName0(Native Method) ~[?:1.8.0_92]
	at java.lang.Class.forName(Class.java:348) ~[?:1.8.0_92]
	at com.sun.naming.internal.VersionHelper12.loadClass(VersionHelper12.java:72) ~[?:1.8.0_92]
	at com.sun.naming.internal.VersionHelper12.loadClass(VersionHelper12.java:61) ~[?:1.8.0_92]
	at javax.naming.spi.NamingManager.getInitialContext(NamingManager.java:672) ~[?:1.8.0_92]
	... 11 more
